<?xml version="1.0" encoding="UTF-8"?>
<testng-results skipped="0" failed="1" total="3" passed="2">
  <reporter-output>
  </reporter-output>
  <suite name="Default suite" duration-ms="83149" started-at="2023-09-25T13:08:47Z" finished-at="2023-09-25T13:10:10Z">
    <groups>
    </groups>
    <test name="Default test" duration-ms="83149" started-at="2023-09-25T13:08:47Z" finished-at="2023-09-25T13:10:10Z">
      <class name="org.reg.RegPage">
        <test-method status="PASS" signature="beforeClass()[pri:0, instance:org.reg.RegPage@3d8c7aca]" name="beforeClass" is-config="true" duration-ms="32246" started-at="2023-09-25T18:38:47Z" finished-at="2023-09-25T18:39:19Z">
          <reporter-output>
          </reporter-output>
        </test-method> <!-- beforeClass -->
        <test-method status="PASS" signature="beforemethod()[pri:0, instance:org.reg.RegPage@3d8c7aca]" name="beforemethod" is-config="true" duration-ms="16" started-at="2023-09-25T18:39:19Z" finished-at="2023-09-25T18:39:19Z">
          <reporter-output>
          </reporter-output>
        </test-method> <!-- beforemethod -->
        <test-method status="PASS" signature="test1()[pri:0, instance:org.reg.RegPage@3d8c7aca]" name="test1" duration-ms="21530" started-at="2023-09-25T18:39:19Z" finished-at="2023-09-25T18:39:41Z">
          <reporter-output>
          </reporter-output>
        </test-method> <!-- test1 -->
        <test-method status="PASS" signature="after()[pri:0, instance:org.reg.RegPage@3d8c7aca]" name="after" is-config="true" duration-ms="0" started-at="2023-09-25T18:39:41Z" finished-at="2023-09-25T18:39:41Z">
          <reporter-output>
          </reporter-output>
        </test-method> <!-- after -->
        <test-method status="PASS" signature="beforemethod()[pri:0, instance:org.reg.RegPage@3d8c7aca]" name="beforemethod" is-config="true" duration-ms="0" started-at="2023-09-25T18:39:41Z" finished-at="2023-09-25T18:39:41Z">
          <reporter-output>
          </reporter-output>
        </test-method> <!-- beforemethod -->
        <test-method status="PASS" signature="test2()[pri:0, instance:org.reg.RegPage@3d8c7aca]" name="test2" duration-ms="29122" started-at="2023-09-25T18:39:41Z" finished-at="2023-09-25T18:40:10Z">
          <reporter-output>
          </reporter-output>
        </test-method> <!-- test2 -->
        <test-method status="PASS" signature="after()[pri:0, instance:org.reg.RegPage@3d8c7aca]" name="after" is-config="true" duration-ms="1" started-at="2023-09-25T18:40:10Z" finished-at="2023-09-25T18:40:10Z">
          <reporter-output>
          </reporter-output>
        </test-method> <!-- after -->
        <test-method status="PASS" signature="beforemethod()[pri:0, instance:org.reg.RegPage@3d8c7aca]" name="beforemethod" is-config="true" duration-ms="1" started-at="2023-09-25T18:40:10Z" finished-at="2023-09-25T18:40:10Z">
          <reporter-output>
          </reporter-output>
        </test-method> <!-- beforemethod -->
        <test-method status="FAIL" signature="test3()[pri:0, instance:org.reg.RegPage@3d8c7aca]" name="test3" duration-ms="8" started-at="2023-09-25T18:40:10Z" finished-at="2023-09-25T18:40:10Z">
          <exception class="java.lang.NullPointerException">
            <full-stacktrace>
              <![CDATA[java.lang.NullPointerException
	at org.reg.RegPage.test3(RegPage.java:105)
	at sun.reflect.NativeMethodAccessorImpl.invoke0(Native Method)
	at sun.reflect.NativeMethodAccessorImpl.invoke(NativeMethodAccessorImpl.java:62)
	at sun.reflect.DelegatingMethodAccessorImpl.invoke(DelegatingMethodAccessorImpl.java:43)
	at java.lang.reflect.Method.invoke(Method.java:498)
	at org.testng.internal.MethodInvocationHelper.invokeMethod(MethodInvocationHelper.java:86)
	at org.testng.internal.Invoker.invokeMethod(Invoker.java:643)
	at org.testng.internal.Invoker.invokeTestMethod(Invoker.java:820)
	at org.testng.internal.Invoker.invokeTestMethods(Invoker.java:1128)
	at org.testng.internal.TestMethodWorker.invokeTestMethods(TestMethodWorker.java:129)
	at org.testng.internal.TestMethodWorker.run(TestMethodWorker.java:112)
	at org.testng.TestRunner.privateRun(TestRunner.java:782)
	at org.testng.TestRunner.run(TestRunner.java:632)
	at org.testng.SuiteRunner.runTest(SuiteRunner.java:366)
	at org.testng.SuiteRunner.runSequentially(SuiteRunner.java:361)
	at org.testng.SuiteRunner.privateRun(SuiteRunner.java:319)
	at org.testng.SuiteRunner.run(SuiteRunner.java:268)
	at org.testng.SuiteRunnerWorker.runSuite(SuiteRunnerWorker.java:52)
	at org.testng.SuiteRunnerWorker.run(SuiteRunnerWorker.java:86)
	at org.testng.TestNG.runSuitesSequentially(TestNG.java:1244)
	at org.testng.TestNG.runSuitesLocally(TestNG.java:1169)
	at org.testng.TestNG.run(TestNG.java:1064)
	at org.testng.remote.RemoteTestNG.run(RemoteTestNG.java:113)
	at org.testng.remote.RemoteTestNG.initAndRun(RemoteTestNG.java:206)
	at org.testng.remote.RemoteTestNG.main(RemoteTestNG.java:177)
]]>
            </full-stacktrace>
          </exception> <!-- java.lang.NullPointerException -->
          <reporter-output>
          </reporter-output>
        </test-method> <!-- test3 -->
        <test-method status="PASS" signature="after()[pri:0, instance:org.reg.RegPage@3d8c7aca]" name="after" is-config="true" duration-ms="0" started-at="2023-09-25T18:40:10Z" finished-at="2023-09-25T18:40:10Z">
          <reporter-output>
          </reporter-output>
        </test-method> <!-- after -->
      </class> <!-- org.reg.RegPage -->
    </test> <!-- Default test -->
  </suite> <!-- Default suite -->
</testng-results>
